SF:/Users/sandipsaha/workspace/javaScript/std/head-unix/src/parser.js
FN:2,Scanner
FN:5,peek
FN:8,dequeue
FN:21,updateGroup
FN:46,parse
FN:60,parser
FNDA:15,Scanner
FNDA:95,peek
FNDA:47,dequeue
FNDA:17,updateGroup
FNDA:15,parse
FNDA:15,parser
FNF:6
FNH:6
BRDA:23,4,0,8
BRDA:23,4,1,9
BRDA:25,4,2,2
BRDA:28,4,3,15
BRDA:32,4,4,2
BRDA:34,4,5,13
BRDA:38,4,6,2
BRDA:40,4,7,11
BRDA:47,5,0,35
BRDA:50,5,1,18
BRDA:50,5,2,1
BRDA:52,5,3,34
BRDA:52,5,4,17
BRDA:72,6,0,5
BRDA:78,6,1,10
BRDA:80,6,2,7
BRDA:82,6,3,10
BRF:17
BRH:17
DA:1,1
DA:2,1
DA:3,16
DA:4,16
DA:5,1
DA:6,96
DA:7,96
DA:8,1
DA:9,48
DA:10,48
DA:11,1
DA:12,1
DA:13,1
DA:14,1
DA:15,1
DA:16,1
DA:17,1
DA:18,1
DA:19,1
DA:20,1
DA:21,1
DA:22,18
DA:23,18
DA:24,1
DA:25,18
DA:26,20
DA:27,20
DA:28,20
DA:29,33
DA:30,1
DA:31,33
DA:32,33
DA:33,35
DA:34,35
DA:35,1
DA:36,46
DA:37,46
DA:38,33
DA:39,35
DA:40,35
DA:41,1
DA:42,44
DA:43,44
DA:44,1
DA:45,1
DA:46,1
DA:47,16
DA:48,51
DA:49,1
DA:50,51
DA:51,52
DA:52,51
DA:53,102
DA:54,102
DA:55,102
DA:56,102
DA:57,51
DA:58,1
DA:59,1
DA:60,1
DA:61,16
DA:62,1
DA:63,16
DA:64,16
DA:65,16
DA:66,16
DA:67,16
DA:68,16
DA:69,1
DA:70,16
DA:71,16
DA:72,16
DA:73,21
DA:74,21
DA:75,21
DA:76,21
DA:77,21
DA:78,21
DA:79,1
DA:80,16
DA:81,23
DA:82,23
DA:83,26
DA:84,1
DA:85,1
LH:85
LF:85
end_of_record
